<?xml version="1.0" encoding="UTF-8"?>
<!-- Generated by org.testng.reporters.JUnitReportReporter -->
<testsuite hostname="PC324486" name="com.pearson.test.LoginTest" tests="1" failures="0" timestamp="6 May 2016 05:45:04 GMT" time="0.029" errors="0">
  <testcase name="testLogin" time="0.029" classname="com.pearson.test.LoginTest"/>
</testsuite> <!-- com.pearson.test.LoginTest -->
