<?xml version="1.0" encoding="UTF-8"?>
<!-- Generated by org.testng.reporters.JUnitReportReporter -->
<testsuite hostname="PC324486" name="com.pearson.test.LoginTest" tests="1" failures="0" timestamp="19 May 2016 08:32:44 GMT" time="0.893" errors="0">
  <testcase name="testLoginGodwin" time="0.893" classname="com.pearson.test.LoginTest"/>
</testsuite> <!-- com.pearson.test.LoginTest -->
