<?xml version="1.0" encoding="UTF-8"?>
<!-- Generated by org.testng.reporters.JUnitReportReporter -->
<testsuite hostname="PC324486" name="com.pearson.test.LoginTest" tests="1" failures="0" timestamp="10 Jun 2016 10:03:49 GMT" time="0.833" errors="0">
  <testcase name="testLoginGodwin" time="0.833" classname="com.pearson.test.LoginTest"/>
</testsuite> <!-- com.pearson.test.LoginTest -->
